1494582538046	geckodriver	INFO	Listening on 127.0.0.1:59719
1494582540393	geckodriver::marionette	INFO	Starting browser \\?\D:\firefox\firefox.exe with args ["-marionette"]
1494582541833	addons.manager	ERROR	startup failed: [Exception... "Component returned failure code: 0x80070057 (NS_ERROR_ILLEGAL_VALUE) [nsIFile.create]"  nsresult: "0x80070057 (NS_ERROR_ILLEGAL_VALUE)"  location: "JS frame :: resource://gre/modules/FileUtils.jsm :: FileUtils_getDir :: line 70"  data: no] Stack trace: FileUtils_getDir()@resource://gre/modules/FileUtils.jsm:70 < FileUtils_getFile()@resource://gre/modules/FileUtils.jsm:42 < validateBlocklist()@resource://gre/modules/AddonManager.jsm:671 < startup()@resource://gre/modules/AddonManager.jsm:834 < startup()@resource://gre/modules/AddonManager.jsm:3129 < observe()@resource://gre/components/addonManager.js:65
JavaScript error: resource://gre/modules/AddonManager.jsm, line 1657: NS_ERROR_NOT_INITIALIZED: AddonManager is not initialized
1494582545966	Marionette	INFO	Listening on port 59725
JavaScript error: resource://gre/modules/AddonManager.jsm, line 2570: NS_ERROR_NOT_INITIALIZED: AddonManager is not initialized
1494582546416	Marionette	WARN	TLS certificate errors will be ignored for this session
JavaScript error: resource://app/modules/WindowsJumpLists.jsm, line 403: NS_ERROR_FILE_NOT_FOUND: Component returned failure code: 0x80520012 (NS_ERROR_FILE_NOT_FOUND) [nsIJumpListShortcut.app]
JavaScript error: resource://gre/modules/FileUtils.jsm, line 70: NS_ERROR_ILLEGAL_VALUE: Component returned failure code: 0x80070057 (NS_ERROR_ILLEGAL_VALUE) [nsIFile.create]
1494582576549	geckodriver	INFO	Listening on 127.0.0.1:59760
1494582578621	geckodriver::marionette	INFO	Starting browser \\?\D:\firefox\firefox.exe with args ["-marionette"]
1494582579700	addons.manager	ERROR	startup failed: [Exception... "Component returned failure code: 0x80070057 (NS_ERROR_ILLEGAL_VALUE) [nsIFile.create]"  nsresult: "0x80070057 (NS_ERROR_ILLEGAL_VALUE)"  location: "JS frame :: resource://gre/modules/FileUtils.jsm :: FileUtils_getDir :: line 70"  data: no] Stack trace: FileUtils_getDir()@resource://gre/modules/FileUtils.jsm:70 < FileUtils_getFile()@resource://gre/modules/FileUtils.jsm:42 < validateBlocklist()@resource://gre/modules/AddonManager.jsm:671 < startup()@resource://gre/modules/AddonManager.jsm:834 < startup()@resource://gre/modules/AddonManager.jsm:3129 < observe()@resource://gre/components/addonManager.js:65
JavaScript error: resource://gre/modules/AddonManager.jsm, line 1657: NS_ERROR_NOT_INITIALIZED: AddonManager is not initialized
1494582583400	Marionette	INFO	Listening on port 59766
JavaScript error: resource://gre/modules/AddonManager.jsm, line 2570: NS_ERROR_NOT_INITIALIZED: AddonManager is not initialized
1494582584019	Marionette	WARN	TLS certificate errors will be ignored for this session
JavaScript error: resource://gre/modules/FileUtils.jsm, line 70: NS_ERROR_ILLEGAL_VALUE: Component returned failure code: 0x80070057 (NS_ERROR_ILLEGAL_VALUE) [nsIFile.create]
1494582865174	geckodriver	INFO	Listening on 127.0.0.1:60079
1494582867220	geckodriver::marionette	INFO	Starting browser \\?\D:\firefox\firefox.exe with args ["-marionette"]
1494582868315	addons.manager	ERROR	startup failed: [Exception... "Component returned failure code: 0x80070057 (NS_ERROR_ILLEGAL_VALUE) [nsIFile.create]"  nsresult: "0x80070057 (NS_ERROR_ILLEGAL_VALUE)"  location: "JS frame :: resource://gre/modules/FileUtils.jsm :: FileUtils_getDir :: line 70"  data: no] Stack trace: FileUtils_getDir()@resource://gre/modules/FileUtils.jsm:70 < FileUtils_getFile()@resource://gre/modules/FileUtils.jsm:42 < validateBlocklist()@resource://gre/modules/AddonManager.jsm:671 < startup()@resource://gre/modules/AddonManager.jsm:834 < startup()@resource://gre/modules/AddonManager.jsm:3129 < observe()@resource://gre/components/addonManager.js:65
JavaScript error: resource://gre/modules/AddonManager.jsm, line 1657: NS_ERROR_NOT_INITIALIZED: AddonManager is not initialized
1494582872308	Marionette	INFO	Listening on port 60085
JavaScript error: resource://gre/modules/AddonManager.jsm, line 2570: NS_ERROR_NOT_INITIALIZED: AddonManager is not initialized
1494582872792	Marionette	WARN	TLS certificate errors will be ignored for this session
1494582875954	Marionette	INFO	New connections will no longer be accepted
